This is pdfTeX, Version 3.141592653-2.6-1.40.25 (TeX Live 2023) (preloaded format=latex 2023.10.22)  10 NOV 2023 04:16
entering extended mode
 restricted \write18 enabled.
 %&-line parsing enabled.
**\scrollmode

*
(Please type a command or say `\end')
*\documentclass[12pt]{article}

*\let\paperwidthsave\paperwidth\let\paperwidth\undefined
(c:/texlive/2023/texmf-dist/tex/latex/base/article.cls
Document Class: article 2023/05/17 v1.4n Standard LaTeX document class
(c:/texlive/2023/texmf-dist/tex/latex/base/size12.clo
File: size12.clo 2023/05/17 v1.4n Standard LaTeX file (size option)
)
\c@part=\count185
\c@section=\count186
\c@subsection=\count187
\c@subsubsection=\count188
\c@paragraph=\count189
\c@subparagraph=\count190
\c@figure=\count191
\c@table=\count192
\abovecaptionskip=\skip48
\belowcaptionskip=\skip49
\bibindent=\dimen140
)
*\usepackage{graphicx}

*\let\paperwidth\paperwidthsave
(c:/texlive/2023/texmf-dist/tex/latex/graphics/graphicx.sty
Package: graphicx 2021/09/16 v1.2d Enhanced LaTeX Graphics (DPC,SPQR)

(c:/texlive/2023/texmf-dist/tex/latex/graphics/keyval.sty
Package: keyval 2022/05/29 v1.15 key=value parser (DPC)
\KV@toks@=\toks17
)
(c:/texlive/2023/texmf-dist/tex/latex/graphics/graphics.sty
Package: graphics 2022/03/10 v1.4e Standard LaTeX Graphics (DPC,SPQR)

(c:/texlive/2023/texmf-dist/tex/latex/graphics/trig.sty
Package: trig 2021/08/11 v1.11 sin cos tan (DPC)
)
(c:/texlive/2023/texmf-dist/tex/latex/graphics-cfg/graphics.cfg
File: graphics.cfg 2016/06/04 v1.11 sample graphics configuration
)
Package graphics Info: Driver file: dvips.def on input line 107.

(c:/texlive/2023/texmf-dist/tex/latex/graphics-def/dvips.def
File: dvips.def 2022/09/22 v3.1e Graphics/color driver for dvips
))
\Gin@req@height=\dimen141
\Gin@req@width=\dimen142
)
*\newbox\ASYbox
\ASYbox=\box51

*\newdimen\ASYdimen
\ASYdimen=\dimen143

*\def\ASYprefix{}

*\long\def\ASYbase#1#2{\leavevmode\setbox\ASYbox=\hbox{#1}%\ASYdimen=\ht\ASYbox
%

*\setbox\ASYbox=\hbox{#2}\lower\ASYdimen\box\ASYbox}

*\makeatletter

*\def\Ginclude@eps#1{%

* \message{<#1>}%

*  \bgroup

*  \def\@tempa{!}%

*  \dimen@\Gin@req@width

*  \dimen@ii.1bp%

*  \divide\dimen@\dimen@ii

*  \@tempdima\Gin@req@height

*  \divide\@tempdima\dimen@ii

*    \special{PSfile=#1\space

*      llx=\Gin@llx\space

*      lly=\Gin@lly\space

*      urx=\Gin@urx\space

*      ury=\Gin@ury\space

*      \ifx\Gin@scalex\@tempa\else rwi=\number\dimen@\space\fi

*      \ifx\Gin@scaley\@tempa\else rhi=\number\@tempdima\space\fi

*      \ifGin@clip clip\fi}%

*  \egroup}

*\makeatother

*\begin{document}
(c:/texlive/2023/texmf-dist/tex/latex/l3backend/l3backend-dvips.def
File: l3backend-dvips.def 2023-10-10 L3 backend support: dvips
\l__pdf_internal_box=\box52
\g__pdf_backend_object_int=\count193
\l__pdf_backend_content_box=\box53
\l__pdf_backend_model_box=\box54
\g__pdf_backend_annotation_int=\count194
\g__pdf_backend_link_int=\count195
\g__pdf_backend_link_sf_int=\count196
)
(./texput.aux)
\openout1 = `texput.aux'.

LaTeX Font Info:    Checking defaults for OML/cmm/m/it on input line 0.
LaTeX Font Info:    ... okay on input line 0.
LaTeX Font Info:    Checking defaults for OMS/cmsy/m/n on input line 0.
LaTeX Font Info:    ... okay on input line 0.
LaTeX Font Info:    Checking defaults for OT1/cmr/m/n on input line 0.
LaTeX Font Info:    ... okay on input line 0.
LaTeX Font Info:    Checking defaults for T1/cmr/m/n on input line 0.
LaTeX Font Info:    ... okay on input line 0.
LaTeX Font Info:    Checking defaults for TS1/cmr/m/n on input line 0.
LaTeX Font Info:    ... okay on input line 0.
LaTeX Font Info:    Checking defaults for OMX/cmex/m/n on input line 0.
LaTeX Font Info:    ... okay on input line 0.
LaTeX Font Info:    Checking defaults for U/cmr/m/n on input line 0.
LaTeX Font Info:    ... okay on input line 0.

*\makeatletter%

*\let\ASYencoding\f@encoding%

*\let\ASYfamily\f@family%

*\let\ASYseries\f@series%

*\let\ASYshape\f@shape%

*\makeatother%

*\fontsize{7.02625}{8.4315}\selectfont%

*
(Please type a command or say `\end')
*\usefont{OT1}{ptm}{m}{n}%
LaTeX Font Info:    Trying to load font information for OT1+ptm on input line 0
.
(c:/texlive/2023/texmf-dist/tex/latex/psnfss/ot1ptm.fd
File: ot1ptm.fd 2001/06/04 font definitions for OT1/ptm.
)
*
(Please type a command or say `\end')
*\setbox\ASYbox=\hbox{$\gamma = 0.04$}
LaTeX Font Info:    Calculating math sizes for size <7.02625> on input line 0.

LaTeX Font Warning: Font shape `OT1/cmr/m/n' in size <3.51312> not available
(Font)              size <5> substituted on input line 0.


LaTeX Font Warning: Font shape `OML/cmm/m/it' in size <3.51312> not available
(Font)              size <5> substituted on input line 0.


LaTeX Font Warning: Font shape `OMS/cmsy/m/n' in size <3.51312> not available
(Font)              size <5> substituted on input line 0.

LaTeX Font Info:    External font `cmex10' loaded for size
(Font)              <7.02625> on input line 0.
LaTeX Font Info:    External font `cmex10' loaded for size
(Font)              <4.91833> on input line 0.
LaTeX Font Info:    External font `cmex10' loaded for size
(Font)              <3.51312> on input line 0.

*
(Please type a command or say `\end')
*\immediate\write16{>dim(\the\wd\ASYbox)dim}
>dim(29.65584pt)dim

*\immediate\write16{>dim(\the\ht\ASYbox)dim}
>dim(4.51111pt)dim

*\immediate\write16{>dim(\the\dp\ASYbox)dim}
>dim(1.3611pt)dim

*\fontsize{7.02625}{8.4315}\selectfont%

*
(Please type a command or say `\end')
*\usefont{OT1}{ptm}{m}{n}%

*
(Please type a command or say `\end')
*\setbox\ASYbox=\hbox{$\gamma = 0.1$}

*
(Please type a command or say `\end')
*\immediate\write16{>dim(\the\wd\ASYbox)dim}
>dim(25.66971pt)dim

*\immediate\write16{>dim(\the\ht\ASYbox)dim}
>dim(4.51111pt)dim

*\immediate\write16{>dim(\the\dp\ASYbox)dim}
>dim(1.3611pt)dim

*\fontsize{7.02625}{8.4315}\selectfont%

*
(Please type a command or say `\end')
*\usefont{OT1}{ptm}{m}{n}%

*
(Please type a command or say `\end')
*\setbox\ASYbox=\hbox{$\gamma = 0.2$}

*
(Please type a command or say `\end')
*\immediate\write16{>dim(\the\wd\ASYbox)dim}
>dim(25.66971pt)dim

*\immediate\write16{>dim(\the\ht\ASYbox)dim}
>dim(4.51111pt)dim

*\immediate\write16{>dim(\the\dp\ASYbox)dim}
>dim(1.3611pt)dim

*\fontsize{7.02625}{8.4315}\selectfont%

*
(Please type a command or say `\end')
*\usefont{OT1}{ptm}{m}{n}%

*
(Please type a command or say `\end')
*\setbox\ASYbox=\hbox{$\gamma = 0.4$}

*
(Please type a command or say `\end')
*\immediate\write16{>dim(\the\wd\ASYbox)dim}
>dim(25.66971pt)dim

*\immediate\write16{>dim(\the\ht\ASYbox)dim}
>dim(4.51111pt)dim

*\immediate\write16{>dim(\the\dp\ASYbox)dim}
>dim(1.3611pt)dim

*\fontsize{7.02625}{8.4315}\selectfont%

*
(Please type a command or say `\end')
*\usefont{OT1}{ptm}{m}{n}%

*
(Please type a command or say `\end')
*\setbox\ASYbox=\hbox{$\gamma = 0.67$}

*
(Please type a command or say `\end')
*\immediate\write16{>dim(\the\wd\ASYbox)dim}
>dim(29.65584pt)dim

*\immediate\write16{>dim(\the\ht\ASYbox)dim}
>dim(4.51111pt)dim

*\immediate\write16{>dim(\the\dp\ASYbox)dim}
>dim(1.3611pt)dim

*\fontsize{7.02625}{8.4315}\selectfont%

*
(Please type a command or say `\end')
*\usefont{OT1}{ptm}{m}{n}%

*
(Please type a command or say `\end')
*\setbox\ASYbox=\hbox{$\gamma = 1$}

*
(Please type a command or say `\end')
*\immediate\write16{>dim(\the\wd\ASYbox)dim}
>dim(19.30858pt)dim

*\immediate\write16{>dim(\the\ht\ASYbox)dim}
>dim(4.51111pt)dim

*\immediate\write16{>dim(\the\dp\ASYbox)dim}
>dim(1.3611pt)dim

*\fontsize{7.02625}{8.4315}\selectfont%

*
(Please type a command or say `\end')
*\usefont{OT1}{ptm}{m}{n}%

*
(Please type a command or say `\end')
*\setbox\ASYbox=\hbox{$\gamma = 1.5$}

*
(Please type a command or say `\end')
*\immediate\write16{>dim(\the\wd\ASYbox)dim}
>dim(25.66971pt)dim

*\immediate\write16{>dim(\the\ht\ASYbox)dim}
>dim(4.51111pt)dim

*\immediate\write16{>dim(\the\dp\ASYbox)dim}
>dim(1.3611pt)dim

*\fontsize{7.02625}{8.4315}\selectfont%

*
(Please type a command or say `\end')
*\usefont{OT1}{ptm}{m}{n}%

*
(Please type a command or say `\end')
*\setbox\ASYbox=\hbox{$\gamma = 2.5$}

*
(Please type a command or say `\end')
*\immediate\write16{>dim(\the\wd\ASYbox)dim}
>dim(25.66971pt)dim

*\immediate\write16{>dim(\the\ht\ASYbox)dim}
>dim(4.51111pt)dim

*\immediate\write16{>dim(\the\dp\ASYbox)dim}
>dim(1.3611pt)dim

*\fontsize{7.02625}{8.4315}\selectfont%

*
(Please type a command or say `\end')
*\usefont{OT1}{ptm}{m}{n}%

*
(Please type a command or say `\end')
*\setbox\ASYbox=\hbox{$\gamma = 5$}

*
(Please type a command or say `\end')
*\immediate\write16{>dim(\the\wd\ASYbox)dim}
>dim(19.30858pt)dim

*\immediate\write16{>dim(\the\ht\ASYbox)dim}
>dim(4.51111pt)dim

*\immediate\write16{>dim(\the\dp\ASYbox)dim}
>dim(1.3611pt)dim

*\fontsize{7.02625}{8.4315}\selectfont%

*
(Please type a command or say `\end')
*\usefont{OT1}{ptm}{m}{n}%

*
(Please type a command or say `\end')
*\setbox\ASYbox=\hbox{$\gamma = 10$}

*
(Please type a command or say `\end')
*\immediate\write16{>dim(\the\wd\ASYbox)dim}
>dim(23.29471pt)dim

*\immediate\write16{>dim(\the\ht\ASYbox)dim}
>dim(4.51111pt)dim

*\immediate\write16{>dim(\the\dp\ASYbox)dim}
>dim(1.3611pt)dim

*\fontsize{7.02625}{8.4315}\selectfont%

*
(Please type a command or say `\end')
*\usefont{OT1}{ptm}{m}{n}%

*
(Please type a command or say `\end')
*\setbox\ASYbox=\hbox{$\gamma = 25$}

*
(Please type a command or say `\end')
*\immediate\write16{>dim(\the\wd\ASYbox)dim}
>dim(23.29471pt)dim

*\immediate\write16{>dim(\the\ht\ASYbox)dim}
>dim(4.51111pt)dim

*\immediate\write16{>dim(\the\dp\ASYbox)dim}
>dim(1.3611pt)dim

*\fontsize{7.02625}{8.4315}\selectfont%

*
(Please type a command or say `\end')
*\usefont{OT1}{ptm}{m}{n}%

*
(Please type a command or say `\end')
*\setbox\ASYbox=\hbox{\textbf{Gamma correction for different values of} $\gamma
$}

*
(Please type a command or say `\end')
*\immediate\write16{>dim(\the\wd\ASYbox)dim}
>dim(129.40196pt)dim

*\immediate\write16{>dim(\the\ht\ASYbox)dim}
>dim(4.84105pt)dim

*\immediate\write16{>dim(\the\dp\ASYbox)dim}
>dim(1.3611pt)dim

*\fontsize{7.02625}{8.4315}\selectfont%

*
(Please type a command or say `\end')
*\usefont{OT1}{ptm}{m}{n}%

*
(Please type a command or say `\end')
*\setbox\ASYbox=\hbox{\vphantom{$10^4$}$0$}

*
(Please type a command or say `\end')
*\immediate\write16{>dim(\the\wd\ASYbox)dim}
>dim(3.98613pt)dim

*\immediate\write16{>dim(\the\ht\ASYbox)dim}
>dim(6.24pt)dim

*\immediate\write16{>dim(\the\dp\ASYbox)dim}
>dim(0.0pt)dim

*\setbox\ASYbox=\hbox{\vphantom{$10^4$}$50$}

*
(Please type a command or say `\end')
*\immediate\write16{>dim(\the\wd\ASYbox)dim}
>dim(7.97226pt)dim

*\immediate\write16{>dim(\the\ht\ASYbox)dim}
>dim(6.24pt)dim

*\immediate\write16{>dim(\the\dp\ASYbox)dim}
>dim(0.0pt)dim

*\setbox\ASYbox=\hbox{\vphantom{$10^4$}$100$}

*
(Please type a command or say `\end')
*\immediate\write16{>dim(\the\wd\ASYbox)dim}
>dim(11.95839pt)dim

*\immediate\write16{>dim(\the\ht\ASYbox)dim}
>dim(6.24pt)dim

*\immediate\write16{>dim(\the\dp\ASYbox)dim}
>dim(0.0pt)dim

*\setbox\ASYbox=\hbox{\vphantom{$10^4$}$150$}

*
(Please type a command or say `\end')
*\immediate\write16{>dim(\the\wd\ASYbox)dim}
>dim(11.95839pt)dim

*\immediate\write16{>dim(\the\ht\ASYbox)dim}
>dim(6.24pt)dim

*\immediate\write16{>dim(\the\dp\ASYbox)dim}
>dim(0.0pt)dim

*\setbox\ASYbox=\hbox{\vphantom{$10^4$}$200$}

*
(Please type a command or say `\end')
*\immediate\write16{>dim(\the\wd\ASYbox)dim}
>dim(11.95839pt)dim

*\immediate\write16{>dim(\the\ht\ASYbox)dim}
>dim(6.24pt)dim

*\immediate\write16{>dim(\the\dp\ASYbox)dim}
>dim(0.0pt)dim

*\setbox\ASYbox=\hbox{\vphantom{$10^4$}$250$}

*
(Please type a command or say `\end')
*\immediate\write16{>dim(\the\wd\ASYbox)dim}
>dim(11.95839pt)dim

*\immediate\write16{>dim(\the\ht\ASYbox)dim}
>dim(6.24pt)dim

*\immediate\write16{>dim(\the\dp\ASYbox)dim}
>dim(0.0pt)dim

*\fontsize{7.02625}{8.4315}\selectfont%

*
(Please type a command or say `\end')
*\usefont{OT1}{ptm}{m}{n}%

*
(Please type a command or say `\end')
*\setbox\ASYbox=\hbox{Input value}

*
(Please type a command or say `\end')
*\immediate\write16{>dim(\the\wd\ASYbox)dim}
>dim(31.63188pt)dim

*\immediate\write16{>dim(\the\ht\ASYbox)dim}
>dim(4.79181pt)dim

*\immediate\write16{>dim(\the\dp\ASYbox)dim}
>dim(1.52112pt)dim

*\fontsize{7.02625}{8.4315}\selectfont%

*
(Please type a command or say `\end')
*\usefont{OT1}{ptm}{m}{n}%

*
(Please type a command or say `\end')
*\setbox\ASYbox=\hbox{Input value}

*
(Please type a command or say `\end')
*\immediate\write16{>dim(\the\wd\ASYbox)dim}
>dim(31.63188pt)dim

*\immediate\write16{>dim(\the\ht\ASYbox)dim}
>dim(4.79181pt)dim

*\immediate\write16{>dim(\the\dp\ASYbox)dim}
>dim(1.52112pt)dim

*\fontsize{7.02625}{8.4315}\selectfont%

*
(Please type a command or say `\end')
*\usefont{OT1}{ptm}{m}{n}%

*
(Please type a command or say `\end')
*\setbox\ASYbox=\hbox{\vphantom{$10^4$}$0$}

*
(Please type a command or say `\end')
*\immediate\write16{>dim(\the\wd\ASYbox)dim}
>dim(3.98613pt)dim

*\immediate\write16{>dim(\the\ht\ASYbox)dim}
>dim(6.24pt)dim

*\immediate\write16{>dim(\the\dp\ASYbox)dim}
>dim(0.0pt)dim

*\setbox\ASYbox=\hbox{\vphantom{$10^4$}$50$}

*
(Please type a command or say `\end')
*\immediate\write16{>dim(\the\wd\ASYbox)dim}
>dim(7.97226pt)dim

*\immediate\write16{>dim(\the\ht\ASYbox)dim}
>dim(6.24pt)dim

*\immediate\write16{>dim(\the\dp\ASYbox)dim}
>dim(0.0pt)dim

*\setbox\ASYbox=\hbox{\vphantom{$10^4$}$100$}

*
(Please type a command or say `\end')
*\immediate\write16{>dim(\the\wd\ASYbox)dim}
>dim(11.95839pt)dim

*\immediate\write16{>dim(\the\ht\ASYbox)dim}
>dim(6.24pt)dim

*\immediate\write16{>dim(\the\dp\ASYbox)dim}
>dim(0.0pt)dim

*\setbox\ASYbox=\hbox{\vphantom{$10^4$}$150$}

*
(Please type a command or say `\end')
*\immediate\write16{>dim(\the\wd\ASYbox)dim}
>dim(11.95839pt)dim

*\immediate\write16{>dim(\the\ht\ASYbox)dim}
>dim(6.24pt)dim

*\immediate\write16{>dim(\the\dp\ASYbox)dim}
>dim(0.0pt)dim

*\setbox\ASYbox=\hbox{\vphantom{$10^4$}$200$}

*
(Please type a command or say `\end')
*\immediate\write16{>dim(\the\wd\ASYbox)dim}
>dim(11.95839pt)dim

*\immediate\write16{>dim(\the\ht\ASYbox)dim}
>dim(6.24pt)dim

*\immediate\write16{>dim(\the\dp\ASYbox)dim}
>dim(0.0pt)dim

*\setbox\ASYbox=\hbox{\vphantom{$10^4$}$250$}

*
(Please type a command or say `\end')
*\immediate\write16{>dim(\the\wd\ASYbox)dim}
>dim(11.95839pt)dim

*\immediate\write16{>dim(\the\ht\ASYbox)dim}
>dim(6.24pt)dim

*\immediate\write16{>dim(\the\dp\ASYbox)dim}
>dim(0.0pt)dim

*\fontsize{7.02625}{8.4315}\selectfont%

*
(Please type a command or say `\end')
*\usefont{OT1}{ptm}{m}{n}%

*
(Please type a command or say `\end')
*\setbox\ASYbox=\hbox{Input value}

*
(Please type a command or say `\end')
*\immediate\write16{>dim(\the\wd\ASYbox)dim}
>dim(31.63188pt)dim

*\immediate\write16{>dim(\the\ht\ASYbox)dim}
>dim(4.79181pt)dim

*\immediate\write16{>dim(\the\dp\ASYbox)dim}
>dim(1.52112pt)dim

*\fontsize{7.02625}{8.4315}\selectfont%

*
(Please type a command or say `\end')
*\usefont{OT1}{ptm}{m}{n}%

*
(Please type a command or say `\end')
*\setbox\ASYbox=\hbox{Output value}

*
(Please type a command or say `\end')
*\immediate\write16{>dim(\the\wd\ASYbox)dim}
>dim(36.31831pt)dim

*\immediate\write16{>dim(\the\ht\ASYbox)dim}
>dim(4.79181pt)dim

*\immediate\write16{>dim(\the\dp\ASYbox)dim}
>dim(1.52112pt)dim

*\fontsize{7.02625}{8.4315}\selectfont%

*
(Please type a command or say `\end')
*\usefont{OT1}{ptm}{m}{n}%

*
(Please type a command or say `\end')
*\setbox\ASYbox=\hbox{\vphantom{$10^4$}$0$}

*
(Please type a command or say `\end')
*\immediate\write16{>dim(\the\wd\ASYbox)dim}
>dim(3.98613pt)dim

*\immediate\write16{>dim(\the\ht\ASYbox)dim}
>dim(6.24pt)dim

*\immediate\write16{>dim(\the\dp\ASYbox)dim}
>dim(0.0pt)dim

*\setbox\ASYbox=\hbox{\vphantom{$10^4$}$50$}

*
(Please type a command or say `\end')
*\immediate\write16{>dim(\the\wd\ASYbox)dim}
>dim(7.97226pt)dim

*\immediate\write16{>dim(\the\ht\ASYbox)dim}
>dim(6.24pt)dim

*\immediate\write16{>dim(\the\dp\ASYbox)dim}
>dim(0.0pt)dim

*\setbox\ASYbox=\hbox{\vphantom{$10^4$}$100$}

*
(Please type a command or say `\end')
*\immediate\write16{>dim(\the\wd\ASYbox)dim}
>dim(11.95839pt)dim

*\immediate\write16{>dim(\the\ht\ASYbox)dim}
>dim(6.24pt)dim

*\immediate\write16{>dim(\the\dp\ASYbox)dim}
>dim(0.0pt)dim

*\setbox\ASYbox=\hbox{\vphantom{$10^4$}$150$}

*
(Please type a command or say `\end')
*\immediate\write16{>dim(\the\wd\ASYbox)dim}
>dim(11.95839pt)dim

*\immediate\write16{>dim(\the\ht\ASYbox)dim}
>dim(6.24pt)dim

*\immediate\write16{>dim(\the\dp\ASYbox)dim}
>dim(0.0pt)dim

*\setbox\ASYbox=\hbox{\vphantom{$10^4$}$200$}

*
(Please type a command or say `\end')
*\immediate\write16{>dim(\the\wd\ASYbox)dim}
>dim(11.95839pt)dim

*\immediate\write16{>dim(\the\ht\ASYbox)dim}
>dim(6.24pt)dim

*\immediate\write16{>dim(\the\dp\ASYbox)dim}
>dim(0.0pt)dim

*\setbox\ASYbox=\hbox{\vphantom{$10^4$}$250$}

*
(Please type a command or say `\end')
*\immediate\write16{>dim(\the\wd\ASYbox)dim}
>dim(11.95839pt)dim

*\immediate\write16{>dim(\the\ht\ASYbox)dim}
>dim(6.24pt)dim

*\immediate\write16{>dim(\the\dp\ASYbox)dim}
>dim(0.0pt)dim

*\fontsize{7.02625}{8.4315}\selectfont%

*
(Please type a command or say `\end')
*\usefont{OT1}{ptm}{m}{n}%

*
(Please type a command or say `\end')
*\setbox\ASYbox=\hbox{Input value}

*
(Please type a command or say `\end')
*\immediate\write16{>dim(\the\wd\ASYbox)dim}
>dim(31.63188pt)dim

*\immediate\write16{>dim(\the\ht\ASYbox)dim}
>dim(4.79181pt)dim

*\immediate\write16{>dim(\the\dp\ASYbox)dim}
>dim(1.52112pt)dim

*\fontsize{7.02625}{8.4315}\selectfont%

*
(Please type a command or say `\end')
*\usefont{OT1}{ptm}{m}{n}%

*
(Please type a command or say `\end')
*\setbox\ASYbox=\hbox{Input value}

*
(Please type a command or say `\end')
*\immediate\write16{>dim(\the\wd\ASYbox)dim}
>dim(31.63188pt)dim

*\immediate\write16{>dim(\the\ht\ASYbox)dim}
>dim(4.79181pt)dim

*\immediate\write16{>dim(\the\dp\ASYbox)dim}
>dim(1.52112pt)dim

*\fontsize{7.02625}{8.4315}\selectfont%

*
(Please type a command or say `\end')
*\usefont{OT1}{ptm}{m}{n}%

*
(Please type a command or say `\end')
*\setbox\ASYbox=\hbox{\vphantom{$10^4$}$0$}

*
(Please type a command or say `\end')
*\immediate\write16{>dim(\the\wd\ASYbox)dim}
>dim(3.98613pt)dim

*\immediate\write16{>dim(\the\ht\ASYbox)dim}
>dim(6.24pt)dim

*\immediate\write16{>dim(\the\dp\ASYbox)dim}
>dim(0.0pt)dim

*\setbox\ASYbox=\hbox{\vphantom{$10^4$}$50$}

*
(Please type a command or say `\end')
*\immediate\write16{>dim(\the\wd\ASYbox)dim}
>dim(7.97226pt)dim

*\immediate\write16{>dim(\the\ht\ASYbox)dim}
>dim(6.24pt)dim

*\immediate\write16{>dim(\the\dp\ASYbox)dim}
>dim(0.0pt)dim

*\setbox\ASYbox=\hbox{\vphantom{$10^4$}$100$}

*
(Please type a command or say `\end')
*\immediate\write16{>dim(\the\wd\ASYbox)dim}
>dim(11.95839pt)dim

*\immediate\write16{>dim(\the\ht\ASYbox)dim}
>dim(6.24pt)dim

*\immediate\write16{>dim(\the\dp\ASYbox)dim}
>dim(0.0pt)dim

*\setbox\ASYbox=\hbox{\vphantom{$10^4$}$150$}

*
(Please type a command or say `\end')
*\immediate\write16{>dim(\the\wd\ASYbox)dim}
>dim(11.95839pt)dim

*\immediate\write16{>dim(\the\ht\ASYbox)dim}
>dim(6.24pt)dim

*\immediate\write16{>dim(\the\dp\ASYbox)dim}
>dim(0.0pt)dim

*\setbox\ASYbox=\hbox{\vphantom{$10^4$}$200$}

*
(Please type a command or say `\end')
*\immediate\write16{>dim(\the\wd\ASYbox)dim}
>dim(11.95839pt)dim

*\immediate\write16{>dim(\the\ht\ASYbox)dim}
>dim(6.24pt)dim

*\immediate\write16{>dim(\the\dp\ASYbox)dim}
>dim(0.0pt)dim

*\setbox\ASYbox=\hbox{\vphantom{$10^4$}$250$}

*
(Please type a command or say `\end')
*\immediate\write16{>dim(\the\wd\ASYbox)dim}
>dim(11.95839pt)dim

*\immediate\write16{>dim(\the\ht\ASYbox)dim}
>dim(6.24pt)dim

*\immediate\write16{>dim(\the\dp\ASYbox)dim}
>dim(0.0pt)dim

*\fontsize{7.02625}{8.4315}\selectfont%

*
(Please type a command or say `\end')
*\usefont{OT1}{ptm}{m}{n}%

*
(Please type a command or say `\end')
*\setbox\ASYbox=\hbox{Input value}

*
(Please type a command or say `\end')
*\immediate\write16{>dim(\the\wd\ASYbox)dim}
>dim(31.63188pt)dim

*\immediate\write16{>dim(\the\ht\ASYbox)dim}
>dim(4.79181pt)dim

*\immediate\write16{>dim(\the\dp\ASYbox)dim}
>dim(1.52112pt)dim

*\fontsize{7.02625}{8.4315}\selectfont%

*
(Please type a command or say `\end')
*\usefont{OT1}{ptm}{m}{n}%

*
(Please type a command or say `\end')
*\setbox\ASYbox=\hbox{\vphantom{$10^4$}$0$}

*
(Please type a command or say `\end')
*\immediate\write16{>dim(\the\wd\ASYbox)dim}
>dim(3.98613pt)dim

*\immediate\write16{>dim(\the\ht\ASYbox)dim}
>dim(6.24pt)dim

*\immediate\write16{>dim(\the\dp\ASYbox)dim}
>dim(0.0pt)dim

*\setbox\ASYbox=\hbox{\vphantom{$10^4$}$50$}

*
(Please type a command or say `\end')
*\immediate\write16{>dim(\the\wd\ASYbox)dim}
>dim(7.97226pt)dim

*\immediate\write16{>dim(\the\ht\ASYbox)dim}
>dim(6.24pt)dim

*\immediate\write16{>dim(\the\dp\ASYbox)dim}
>dim(0.0pt)dim

*\setbox\ASYbox=\hbox{\vphantom{$10^4$}$100$}

*
(Please type a command or say `\end')
*\immediate\write16{>dim(\the\wd\ASYbox)dim}
>dim(11.95839pt)dim

*\immediate\write16{>dim(\the\ht\ASYbox)dim}
>dim(6.24pt)dim

*\immediate\write16{>dim(\the\dp\ASYbox)dim}
>dim(0.0pt)dim

*\setbox\ASYbox=\hbox{\vphantom{$10^4$}$150$}

*
(Please type a command or say `\end')
*\immediate\write16{>dim(\the\wd\ASYbox)dim}
>dim(11.95839pt)dim

*\immediate\write16{>dim(\the\ht\ASYbox)dim}
>dim(6.24pt)dim

*\immediate\write16{>dim(\the\dp\ASYbox)dim}
>dim(0.0pt)dim

*\setbox\ASYbox=\hbox{\vphantom{$10^4$}$200$}

*
(Please type a command or say `\end')
*\immediate\write16{>dim(\the\wd\ASYbox)dim}
>dim(11.95839pt)dim

*\immediate\write16{>dim(\the\ht\ASYbox)dim}
>dim(6.24pt)dim

*\immediate\write16{>dim(\the\dp\ASYbox)dim}
>dim(0.0pt)dim

*\setbox\ASYbox=\hbox{\vphantom{$10^4$}$250$}

*
(Please type a command or say `\end')
*\immediate\write16{>dim(\the\wd\ASYbox)dim}
>dim(11.95839pt)dim

*\immediate\write16{>dim(\the\ht\ASYbox)dim}
>dim(6.24pt)dim

*\immediate\write16{>dim(\the\dp\ASYbox)dim}
>dim(0.0pt)dim

*\fontsize{7.02625}{8.4315}\selectfont%

*
(Please type a command or say `\end')
*\usefont{OT1}{ptm}{m}{n}%

*
(Please type a command or say `\end')
*\setbox\ASYbox=\hbox{Output value}

*
(Please type a command or say `\end')
*\immediate\write16{>dim(\the\wd\ASYbox)dim}
>dim(36.31831pt)dim

*\immediate\write16{>dim(\the\ht\ASYbox)dim}
>dim(4.79181pt)dim

*\immediate\write16{>dim(\the\dp\ASYbox)dim}
>dim(1.52112pt)dim

*\fontsize{7.02625}{8.4315}\selectfont%

*
(Please type a command or say `\end')
*\usefont{OT1}{ptm}{m}{n}%

*
(Please type a command or say `\end')
*\setbox\ASYbox=\hbox{\vphantom{$10^4$}$0$}

*
(Please type a command or say `\end')
*\immediate\write16{>dim(\the\wd\ASYbox)dim}
>dim(3.98613pt)dim

*\immediate\write16{>dim(\the\ht\ASYbox)dim}
>dim(6.24pt)dim

*\immediate\write16{>dim(\the\dp\ASYbox)dim}
>dim(0.0pt)dim

*\setbox\ASYbox=\hbox{\vphantom{$10^4$}$50$}

*
(Please type a command or say `\end')
*\immediate\write16{>dim(\the\wd\ASYbox)dim}
>dim(7.97226pt)dim

*\immediate\write16{>dim(\the\ht\ASYbox)dim}
>dim(6.24pt)dim

*\immediate\write16{>dim(\the\dp\ASYbox)dim}
>dim(0.0pt)dim

*\setbox\ASYbox=\hbox{\vphantom{$10^4$}$100$}

*
(Please type a command or say `\end')
*\immediate\write16{>dim(\the\wd\ASYbox)dim}
>dim(11.95839pt)dim

*\immediate\write16{>dim(\the\ht\ASYbox)dim}
>dim(6.24pt)dim

*\immediate\write16{>dim(\the\dp\ASYbox)dim}
>dim(0.0pt)dim

*\setbox\ASYbox=\hbox{\vphantom{$10^4$}$150$}

*
(Please type a command or say `\end')
*\immediate\write16{>dim(\the\wd\ASYbox)dim}
>dim(11.95839pt)dim

*\immediate\write16{>dim(\the\ht\ASYbox)dim}
>dim(6.24pt)dim

*\immediate\write16{>dim(\the\dp\ASYbox)dim}
>dim(0.0pt)dim

*\setbox\ASYbox=\hbox{\vphantom{$10^4$}$200$}

*
(Please type a command or say `\end')
*\immediate\write16{>dim(\the\wd\ASYbox)dim}
>dim(11.95839pt)dim

*\immediate\write16{>dim(\the\ht\ASYbox)dim}
>dim(6.24pt)dim

*\immediate\write16{>dim(\the\dp\ASYbox)dim}
>dim(0.0pt)dim

*\setbox\ASYbox=\hbox{\vphantom{$10^4$}$250$}

*
(Please type a command or say `\end')
*\immediate\write16{>dim(\the\wd\ASYbox)dim}
>dim(11.95839pt)dim

*\immediate\write16{>dim(\the\ht\ASYbox)dim}
>dim(6.24pt)dim

*\immediate\write16{>dim(\the\dp\ASYbox)dim}
>dim(0.0pt)dim

*\fontsize{7.02625}{8.4315}\selectfont%

*
(Please type a command or say `\end')
*\usefont{OT1}{ptm}{m}{n}%

*
(Please type a command or say `\end')
*\setbox\ASYbox=\hbox{Output value}

*
(Please type a command or say `\end')
*\immediate\write16{>dim(\the\wd\ASYbox)dim}
>dim(36.31831pt)dim

*\immediate\write16{>dim(\the\ht\ASYbox)dim}
>dim(4.79181pt)dim

*\immediate\write16{>dim(\the\dp\ASYbox)dim}
>dim(1.52112pt)dim

*\fontsize{7.02625}{8.4315}\selectfont%

*
(Please type a command or say `\end')
*\usefont{OT1}{ptm}{m}{n}%

*
(Please type a command or say `\end')
*\setbox\ASYbox=\hbox{Output value}

*
(Please type a command or say `\end')
*\immediate\write16{>dim(\the\wd\ASYbox)dim}
>dim(36.31831pt)dim

*\immediate\write16{>dim(\the\ht\ASYbox)dim}
>dim(4.79181pt)dim

*\immediate\write16{>dim(\the\dp\ASYbox)dim}
>dim(1.52112pt)dim

*\fontsize{7.02625}{8.4315}\selectfont%

*
(Please type a command or say `\end')
*\usefont{OT1}{ptm}{m}{n}%

*
(Please type a command or say `\end')
*\setbox\ASYbox=\hbox{$\gamma = 0.04$}

*
(Please type a command or say `\end')
*\immediate\write16{>dim(\the\wd\ASYbox)dim}
>dim(29.65584pt)dim

*\immediate\write16{>dim(\the\ht\ASYbox)dim}
>dim(4.51111pt)dim

*\immediate\write16{>dim(\the\dp\ASYbox)dim}
>dim(1.3611pt)dim

*\fontsize{7.02625}{8.4315}\selectfont%

*
(Please type a command or say `\end')
*\usefont{OT1}{ptm}{m}{n}%

*
(Please type a command or say `\end')
*\setbox\ASYbox=\hbox{$\gamma = 0.1$}

*
(Please type a command or say `\end')
*\immediate\write16{>dim(\the\wd\ASYbox)dim}
>dim(25.66971pt)dim

*\immediate\write16{>dim(\the\ht\ASYbox)dim}
>dim(4.51111pt)dim

*\immediate\write16{>dim(\the\dp\ASYbox)dim}
>dim(1.3611pt)dim

*\fontsize{7.02625}{8.4315}\selectfont%

*
(Please type a command or say `\end')
*\usefont{OT1}{ptm}{m}{n}%

*
(Please type a command or say `\end')
*\setbox\ASYbox=\hbox{$\gamma = 0.2$}

*
(Please type a command or say `\end')
*\immediate\write16{>dim(\the\wd\ASYbox)dim}
>dim(25.66971pt)dim

*\immediate\write16{>dim(\the\ht\ASYbox)dim}
>dim(4.51111pt)dim

*\immediate\write16{>dim(\the\dp\ASYbox)dim}
>dim(1.3611pt)dim

*\fontsize{7.02625}{8.4315}\selectfont%

*
(Please type a command or say `\end')
*\usefont{OT1}{ptm}{m}{n}%

*
(Please type a command or say `\end')
*\setbox\ASYbox=\hbox{$\gamma = 0.4$}

*
(Please type a command or say `\end')
*\immediate\write16{>dim(\the\wd\ASYbox)dim}
>dim(25.66971pt)dim

*\immediate\write16{>dim(\the\ht\ASYbox)dim}
>dim(4.51111pt)dim

*\immediate\write16{>dim(\the\dp\ASYbox)dim}
>dim(1.3611pt)dim

*\fontsize{7.02625}{8.4315}\selectfont%

*
(Please type a command or say `\end')
*\usefont{OT1}{ptm}{m}{n}%

*
(Please type a command or say `\end')
*\setbox\ASYbox=\hbox{$\gamma = 0.67$}

*
(Please type a command or say `\end')
*\immediate\write16{>dim(\the\wd\ASYbox)dim}
>dim(29.65584pt)dim

*\immediate\write16{>dim(\the\ht\ASYbox)dim}
>dim(4.51111pt)dim

*\immediate\write16{>dim(\the\dp\ASYbox)dim}
>dim(1.3611pt)dim

*\fontsize{7.02625}{8.4315}\selectfont%

*
(Please type a command or say `\end')
*\usefont{OT1}{ptm}{m}{n}%

*
(Please type a command or say `\end')
*\setbox\ASYbox=\hbox{$\gamma = 1$}

*
(Please type a command or say `\end')
*\immediate\write16{>dim(\the\wd\ASYbox)dim}
>dim(19.30858pt)dim

*\immediate\write16{>dim(\the\ht\ASYbox)dim}
>dim(4.51111pt)dim

*\immediate\write16{>dim(\the\dp\ASYbox)dim}
>dim(1.3611pt)dim

*\fontsize{7.02625}{8.4315}\selectfont%

*
(Please type a command or say `\end')
*\usefont{OT1}{ptm}{m}{n}%

*
(Please type a command or say `\end')
*\setbox\ASYbox=\hbox{$\gamma = 1.5$}

*
(Please type a command or say `\end')
*\immediate\write16{>dim(\the\wd\ASYbox)dim}
>dim(25.66971pt)dim

*\immediate\write16{>dim(\the\ht\ASYbox)dim}
>dim(4.51111pt)dim

*\immediate\write16{>dim(\the\dp\ASYbox)dim}
>dim(1.3611pt)dim

*\fontsize{7.02625}{8.4315}\selectfont%

*
(Please type a command or say `\end')
*\usefont{OT1}{ptm}{m}{n}%

*
(Please type a command or say `\end')
*\setbox\ASYbox=\hbox{$\gamma = 2.5$}

*
(Please type a command or say `\end')
*\immediate\write16{>dim(\the\wd\ASYbox)dim}
>dim(25.66971pt)dim

*\immediate\write16{>dim(\the\ht\ASYbox)dim}
>dim(4.51111pt)dim

*\immediate\write16{>dim(\the\dp\ASYbox)dim}
>dim(1.3611pt)dim

*\fontsize{7.02625}{8.4315}\selectfont%

*
(Please type a command or say `\end')
*\usefont{OT1}{ptm}{m}{n}%

*
(Please type a command or say `\end')
*\setbox\ASYbox=\hbox{$\gamma = 5$}

*
(Please type a command or say `\end')
*\immediate\write16{>dim(\the\wd\ASYbox)dim}
>dim(19.30858pt)dim

*\immediate\write16{>dim(\the\ht\ASYbox)dim}
>dim(4.51111pt)dim

*\immediate\write16{>dim(\the\dp\ASYbox)dim}
>dim(1.3611pt)dim

*\fontsize{7.02625}{8.4315}\selectfont%

*
(Please type a command or say `\end')
*\usefont{OT1}{ptm}{m}{n}%

*
(Please type a command or say `\end')
*\setbox\ASYbox=\hbox{$\gamma = 10$}

*
(Please type a command or say `\end')
*\immediate\write16{>dim(\the\wd\ASYbox)dim}
>dim(23.29471pt)dim

*\immediate\write16{>dim(\the\ht\ASYbox)dim}
>dim(4.51111pt)dim

*\immediate\write16{>dim(\the\dp\ASYbox)dim}
>dim(1.3611pt)dim

*\fontsize{7.02625}{8.4315}\selectfont%

*
(Please type a command or say `\end')
*\usefont{OT1}{ptm}{m}{n}%

*
(Please type a command or say `\end')
*\setbox\ASYbox=\hbox{$\gamma = 25$}

*
(Please type a command or say `\end')
*\immediate\write16{>dim(\the\wd\ASYbox)dim}
>dim(23.29471pt)dim

*\immediate\write16{>dim(\the\ht\ASYbox)dim}
>dim(4.51111pt)dim

*\immediate\write16{>dim(\the\dp\ASYbox)dim}
>dim(1.3611pt)dim

*\fontsize{7.02625}{8.4315}\selectfont%

*
(Please type a command or say `\end')
*\usefont{OT1}{ptm}{m}{n}%

*
(Please type a command or say `\end')
*\setbox\ASYbox=\hbox{\vphantom{$10^4$}$0$}

*
(Please type a command or say `\end')
*\immediate\write16{>dim(\the\wd\ASYbox)dim}
>dim(3.98613pt)dim

*\immediate\write16{>dim(\the\ht\ASYbox)dim}
>dim(6.24pt)dim

*\immediate\write16{>dim(\the\dp\ASYbox)dim}
>dim(0.0pt)dim

*\setbox\ASYbox=\hbox{\vphantom{$10^4$}$50$}

*
(Please type a command or say `\end')
*\immediate\write16{>dim(\the\wd\ASYbox)dim}
>dim(7.97226pt)dim

*\immediate\write16{>dim(\the\ht\ASYbox)dim}
>dim(6.24pt)dim

*\immediate\write16{>dim(\the\dp\ASYbox)dim}
>dim(0.0pt)dim

*\setbox\ASYbox=\hbox{\vphantom{$10^4$}$100$}

*
(Please type a command or say `\end')
*\immediate\write16{>dim(\the\wd\ASYbox)dim}
>dim(11.95839pt)dim

*\immediate\write16{>dim(\the\ht\ASYbox)dim}
>dim(6.24pt)dim

*\immediate\write16{>dim(\the\dp\ASYbox)dim}
>dim(0.0pt)dim

*\setbox\ASYbox=\hbox{\vphantom{$10^4$}$150$}

*
(Please type a command or say `\end')
*\immediate\write16{>dim(\the\wd\ASYbox)dim}
>dim(11.95839pt)dim

*\immediate\write16{>dim(\the\ht\ASYbox)dim}
>dim(6.24pt)dim

*\immediate\write16{>dim(\the\dp\ASYbox)dim}
>dim(0.0pt)dim

*\setbox\ASYbox=\hbox{\vphantom{$10^4$}$200$}

*
(Please type a command or say `\end')
*\immediate\write16{>dim(\the\wd\ASYbox)dim}
>dim(11.95839pt)dim

*\immediate\write16{>dim(\the\ht\ASYbox)dim}
>dim(6.24pt)dim

*\immediate\write16{>dim(\the\dp\ASYbox)dim}
>dim(0.0pt)dim

*\setbox\ASYbox=\hbox{\vphantom{$10^4$}$250$}

*
(Please type a command or say `\end')
*\immediate\write16{>dim(\the\wd\ASYbox)dim}
>dim(11.95839pt)dim

*\immediate\write16{>dim(\the\ht\ASYbox)dim}
>dim(6.24pt)dim

*\immediate\write16{>dim(\the\dp\ASYbox)dim}
>dim(0.0pt)dim

*\fontsize{7.02625}{8.4315}\selectfont%

*
(Please type a command or say `\end')
*\usefont{OT1}{ptm}{m}{n}%

*
(Please type a command or say `\end')
*\setbox\ASYbox=\hbox{Input value}

*
(Please type a command or say `\end')
*\immediate\write16{>dim(\the\wd\ASYbox)dim}
>dim(31.63188pt)dim

*\immediate\write16{>dim(\the\ht\ASYbox)dim}
>dim(4.79181pt)dim

*\immediate\write16{>dim(\the\dp\ASYbox)dim}
>dim(1.52112pt)dim

*\fontsize{7.02625}{8.4315}\selectfont%

*
(Please type a command or say `\end')
*\usefont{OT1}{ptm}{m}{n}%

*
(Please type a command or say `\end')
*\setbox\ASYbox=\hbox{\vphantom{$10^4$}$0$}

*
(Please type a command or say `\end')
*\immediate\write16{>dim(\the\wd\ASYbox)dim}
>dim(3.98613pt)dim

*\immediate\write16{>dim(\the\ht\ASYbox)dim}
>dim(6.24pt)dim

*\immediate\write16{>dim(\the\dp\ASYbox)dim}
>dim(0.0pt)dim

*\setbox\ASYbox=\hbox{\vphantom{$10^4$}$50$}

*
(Please type a command or say `\end')
*\immediate\write16{>dim(\the\wd\ASYbox)dim}
>dim(7.97226pt)dim

*\immediate\write16{>dim(\the\ht\ASYbox)dim}
>dim(6.24pt)dim

*\immediate\write16{>dim(\the\dp\ASYbox)dim}
>dim(0.0pt)dim

*\setbox\ASYbox=\hbox{\vphantom{$10^4$}$100$}

*
(Please type a command or say `\end')
*\immediate\write16{>dim(\the\wd\ASYbox)dim}
>dim(11.95839pt)dim

*\immediate\write16{>dim(\the\ht\ASYbox)dim}
>dim(6.24pt)dim

*\immediate\write16{>dim(\the\dp\ASYbox)dim}
>dim(0.0pt)dim

*\setbox\ASYbox=\hbox{\vphantom{$10^4$}$150$}

*
(Please type a command or say `\end')
*\immediate\write16{>dim(\the\wd\ASYbox)dim}
>dim(11.95839pt)dim

*\immediate\write16{>dim(\the\ht\ASYbox)dim}
>dim(6.24pt)dim

*\immediate\write16{>dim(\the\dp\ASYbox)dim}
>dim(0.0pt)dim

*\setbox\ASYbox=\hbox{\vphantom{$10^4$}$200$}

*
(Please type a command or say `\end')
*\immediate\write16{>dim(\the\wd\ASYbox)dim}
>dim(11.95839pt)dim

*\immediate\write16{>dim(\the\ht\ASYbox)dim}
>dim(6.24pt)dim

*\immediate\write16{>dim(\the\dp\ASYbox)dim}
>dim(0.0pt)dim

*\setbox\ASYbox=\hbox{\vphantom{$10^4$}$250$}

*
(Please type a command or say `\end')
*\immediate\write16{>dim(\the\wd\ASYbox)dim}
>dim(11.95839pt)dim

*\immediate\write16{>dim(\the\ht\ASYbox)dim}
>dim(6.24pt)dim

*\immediate\write16{>dim(\the\dp\ASYbox)dim}
>dim(0.0pt)dim

*\fontsize{7.02625}{8.4315}\selectfont%

*
(Please type a command or say `\end')
*\usefont{OT1}{ptm}{m}{n}%

*
(Please type a command or say `\end')
*\setbox\ASYbox=\hbox{Output value}

*
(Please type a command or say `\end')
*\immediate\write16{>dim(\the\wd\ASYbox)dim}
>dim(36.31831pt)dim

*\immediate\write16{>dim(\the\ht\ASYbox)dim}
>dim(4.79181pt)dim

*\immediate\write16{>dim(\the\dp\ASYbox)dim}
>dim(1.52112pt)dim

*\fontsize{7.02625}{8.4315}\selectfont%

*
(Please type a command or say `\end')
*\usefont{OT1}{ptm}{m}{n}%

*
(Please type a command or say `\end')
*\setbox\ASYbox=\hbox{\vphantom{$10^4$}$0$}

*
(Please type a command or say `\end')
*\immediate\write16{>dim(\the\wd\ASYbox)dim}
>dim(3.98613pt)dim

*\immediate\write16{>dim(\the\ht\ASYbox)dim}
>dim(6.24pt)dim

*\immediate\write16{>dim(\the\dp\ASYbox)dim}
>dim(0.0pt)dim

*\setbox\ASYbox=\hbox{\vphantom{$10^4$}$50$}

*
(Please type a command or say `\end')
*\immediate\write16{>dim(\the\wd\ASYbox)dim}
>dim(7.97226pt)dim

*\immediate\write16{>dim(\the\ht\ASYbox)dim}
>dim(6.24pt)dim

*\immediate\write16{>dim(\the\dp\ASYbox)dim}
>dim(0.0pt)dim

*\setbox\ASYbox=\hbox{\vphantom{$10^4$}$100$}

*
(Please type a command or say `\end')
*\immediate\write16{>dim(\the\wd\ASYbox)dim}
>dim(11.95839pt)dim

*\immediate\write16{>dim(\the\ht\ASYbox)dim}
>dim(6.24pt)dim

*\immediate\write16{>dim(\the\dp\ASYbox)dim}
>dim(0.0pt)dim

*\setbox\ASYbox=\hbox{\vphantom{$10^4$}$150$}

*
(Please type a command or say `\end')
*\immediate\write16{>dim(\the\wd\ASYbox)dim}
>dim(11.95839pt)dim

*\immediate\write16{>dim(\the\ht\ASYbox)dim}
>dim(6.24pt)dim

*\immediate\write16{>dim(\the\dp\ASYbox)dim}
>dim(0.0pt)dim

*\setbox\ASYbox=\hbox{\vphantom{$10^4$}$200$}

*
(Please type a command or say `\end')
*\immediate\write16{>dim(\the\wd\ASYbox)dim}
>dim(11.95839pt)dim

*\immediate\write16{>dim(\the\ht\ASYbox)dim}
>dim(6.24pt)dim

*\immediate\write16{>dim(\the\dp\ASYbox)dim}
>dim(0.0pt)dim

*\setbox\ASYbox=\hbox{\vphantom{$10^4$}$250$}

*
(Please type a command or say `\end')
*\immediate\write16{>dim(\the\wd\ASYbox)dim}
>dim(11.95839pt)dim

*\immediate\write16{>dim(\the\ht\ASYbox)dim}
>dim(6.24pt)dim

*\immediate\write16{>dim(\the\dp\ASYbox)dim}
>dim(0.0pt)dim

*\setbox\ASYbox=\hbox{Output value}

*
(Please type a command or say `\end')
*\immediate\write16{>dim(\the\wd\ASYbox)dim}
>dim(36.31831pt)dim

*\immediate\write16{>dim(\the\ht\ASYbox)dim}
>dim(4.79181pt)dim

*\immediate\write16{>dim(\the\dp\ASYbox)dim}
>dim(1.52112pt)dim

*\setbox\ASYbox=\hbox{\vphantom{$10^4$}$0$}

*
(Please type a command or say `\end')
*\immediate\write16{>dim(\the\wd\ASYbox)dim}
>dim(3.98613pt)dim

*\immediate\write16{>dim(\the\ht\ASYbox)dim}
>dim(6.24pt)dim

*\immediate\write16{>dim(\the\dp\ASYbox)dim}
>dim(0.0pt)dim

*\setbox\ASYbox=\hbox{\vphantom{$10^4$}$50$}

*
(Please type a command or say `\end')
*\immediate\write16{>dim(\the\wd\ASYbox)dim}
>dim(7.97226pt)dim

*\immediate\write16{>dim(\the\ht\ASYbox)dim}
>dim(6.24pt)dim

*\immediate\write16{>dim(\the\dp\ASYbox)dim}
>dim(0.0pt)dim

*\setbox\ASYbox=\hbox{\vphantom{$10^4$}$100$}

*
(Please type a command or say `\end')
*\immediate\write16{>dim(\the\wd\ASYbox)dim}
>dim(11.95839pt)dim

*\immediate\write16{>dim(\the\ht\ASYbox)dim}
>dim(6.24pt)dim

*\immediate\write16{>dim(\the\dp\ASYbox)dim}
>dim(0.0pt)dim

*\setbox\ASYbox=\hbox{\vphantom{$10^4$}$150$}

*
(Please type a command or say `\end')
*\immediate\write16{>dim(\the\wd\ASYbox)dim}
>dim(11.95839pt)dim

*\immediate\write16{>dim(\the\ht\ASYbox)dim}
>dim(6.24pt)dim

*\immediate\write16{>dim(\the\dp\ASYbox)dim}
>dim(0.0pt)dim

*\setbox\ASYbox=\hbox{\vphantom{$10^4$}$200$}

*
(Please type a command or say `\end')
*\immediate\write16{>dim(\the\wd\ASYbox)dim}
>dim(11.95839pt)dim

*\immediate\write16{>dim(\the\ht\ASYbox)dim}
>dim(6.24pt)dim

*\immediate\write16{>dim(\the\dp\ASYbox)dim}
>dim(0.0pt)dim

*\setbox\ASYbox=\hbox{\vphantom{$10^4$}$250$}

*
(Please type a command or say `\end')
*\immediate\write16{>dim(\the\wd\ASYbox)dim}
>dim(11.95839pt)dim

*\immediate\write16{>dim(\the\ht\ASYbox)dim}
>dim(6.24pt)dim

*\immediate\write16{>dim(\the\dp\ASYbox)dim}
>dim(0.0pt)dim

*\setbox\ASYbox=\hbox{Input value}

*
(Please type a command or say `\end')
*\immediate\write16{>dim(\the\wd\ASYbox)dim}
>dim(31.63188pt)dim

*\immediate\write16{>dim(\the\ht\ASYbox)dim}
>dim(4.79181pt)dim

*\immediate\write16{>dim(\the\dp\ASYbox)dim}
>dim(1.52112pt)dim

*\setbox\ASYbox=\hbox{\textbf{Gamma correction for different values of} $\gamma
$}

*
(Please type a command or say `\end')
*\immediate\write16{>dim(\the\wd\ASYbox)dim}
>dim(129.40196pt)dim

*\immediate\write16{>dim(\the\ht\ASYbox)dim}
>dim(4.84105pt)dim

*\immediate\write16{>dim(\the\dp\ASYbox)dim}
>dim(1.3611pt)dim

*\fontsize{7.02625}{8.4315}\selectfont%

*
(Please type a command or say `\end')
*\usefont{OT1}{ptm}{m}{n}%

*
(Please type a command or say `\end')
*\setbox\ASYbox=\hbox{$\gamma = 0.04$}

*
(Please type a command or say `\end')
*\immediate\write16{>dim(\the\wd\ASYbox)dim}
>dim(29.65584pt)dim

*\immediate\write16{>dim(\the\ht\ASYbox)dim}
>dim(4.51111pt)dim

*\immediate\write16{>dim(\the\dp\ASYbox)dim}
>dim(1.3611pt)dim

*\fontsize{7.02625}{8.4315}\selectfont%

*
(Please type a command or say `\end')
*\usefont{OT1}{ptm}{m}{n}%

*
(Please type a command or say `\end')
*\setbox\ASYbox=\hbox{$\gamma = 0.1$}

*
(Please type a command or say `\end')
*\immediate\write16{>dim(\the\wd\ASYbox)dim}
>dim(25.66971pt)dim

*\immediate\write16{>dim(\the\ht\ASYbox)dim}
>dim(4.51111pt)dim

*\immediate\write16{>dim(\the\dp\ASYbox)dim}
>dim(1.3611pt)dim

*\fontsize{7.02625}{8.4315}\selectfont%

*
(Please type a command or say `\end')
*\usefont{OT1}{ptm}{m}{n}%

*
(Please type a command or say `\end')
*\setbox\ASYbox=\hbox{$\gamma = 0.2$}

*
(Please type a command or say `\end')
*\immediate\write16{>dim(\the\wd\ASYbox)dim}
>dim(25.66971pt)dim

*\immediate\write16{>dim(\the\ht\ASYbox)dim}
>dim(4.51111pt)dim

*\immediate\write16{>dim(\the\dp\ASYbox)dim}
>dim(1.3611pt)dim

*\fontsize{7.02625}{8.4315}\selectfont%

*
(Please type a command or say `\end')
*\usefont{OT1}{ptm}{m}{n}%

*
(Please type a command or say `\end')
*\setbox\ASYbox=\hbox{$\gamma = 0.4$}

*
(Please type a command or say `\end')
*\immediate\write16{>dim(\the\wd\ASYbox)dim}
>dim(25.66971pt)dim

*\immediate\write16{>dim(\the\ht\ASYbox)dim}
>dim(4.51111pt)dim

*\immediate\write16{>dim(\the\dp\ASYbox)dim}
>dim(1.3611pt)dim

*\fontsize{7.02625}{8.4315}\selectfont%

*
(Please type a command or say `\end')
*\usefont{OT1}{ptm}{m}{n}%

*
(Please type a command or say `\end')
*\setbox\ASYbox=\hbox{$\gamma = 0.67$}

*
(Please type a command or say `\end')
*\immediate\write16{>dim(\the\wd\ASYbox)dim}
>dim(29.65584pt)dim

*\immediate\write16{>dim(\the\ht\ASYbox)dim}
>dim(4.51111pt)dim

*\immediate\write16{>dim(\the\dp\ASYbox)dim}
>dim(1.3611pt)dim

*\fontsize{7.02625}{8.4315}\selectfont%

*
(Please type a command or say `\end')
*\usefont{OT1}{ptm}{m}{n}%

*
(Please type a command or say `\end')
*\setbox\ASYbox=\hbox{$\gamma = 1$}

*
(Please type a command or say `\end')
*\immediate\write16{>dim(\the\wd\ASYbox)dim}
>dim(19.30858pt)dim

*\immediate\write16{>dim(\the\ht\ASYbox)dim}
>dim(4.51111pt)dim

*\immediate\write16{>dim(\the\dp\ASYbox)dim}
>dim(1.3611pt)dim

*\fontsize{7.02625}{8.4315}\selectfont%

*
(Please type a command or say `\end')
*\usefont{OT1}{ptm}{m}{n}%

*
(Please type a command or say `\end')
*\setbox\ASYbox=\hbox{$\gamma = 1.5$}

*
(Please type a command or say `\end')
*\immediate\write16{>dim(\the\wd\ASYbox)dim}
>dim(25.66971pt)dim

*\immediate\write16{>dim(\the\ht\ASYbox)dim}
>dim(4.51111pt)dim

*\immediate\write16{>dim(\the\dp\ASYbox)dim}
>dim(1.3611pt)dim

*\fontsize{7.02625}{8.4315}\selectfont%

*
(Please type a command or say `\end')
*\usefont{OT1}{ptm}{m}{n}%

*
(Please type a command or say `\end')
*\setbox\ASYbox=\hbox{$\gamma = 2.5$}

*
(Please type a command or say `\end')
*\immediate\write16{>dim(\the\wd\ASYbox)dim}
>dim(25.66971pt)dim

*\immediate\write16{>dim(\the\ht\ASYbox)dim}
>dim(4.51111pt)dim

*\immediate\write16{>dim(\the\dp\ASYbox)dim}
>dim(1.3611pt)dim

*\fontsize{7.02625}{8.4315}\selectfont%

*
(Please type a command or say `\end')
*\usefont{OT1}{ptm}{m}{n}%

*
(Please type a command or say `\end')
*\setbox\ASYbox=\hbox{$\gamma = 5$}

*
(Please type a command or say `\end')
*\immediate\write16{>dim(\the\wd\ASYbox)dim}
>dim(19.30858pt)dim

*\immediate\write16{>dim(\the\ht\ASYbox)dim}
>dim(4.51111pt)dim

*\immediate\write16{>dim(\the\dp\ASYbox)dim}
>dim(1.3611pt)dim

*\fontsize{7.02625}{8.4315}\selectfont%

*
(Please type a command or say `\end')
*\usefont{OT1}{ptm}{m}{n}%

*
(Please type a command or say `\end')
*\setbox\ASYbox=\hbox{$\gamma = 10$}

*
(Please type a command or say `\end')
*\immediate\write16{>dim(\the\wd\ASYbox)dim}
>dim(23.29471pt)dim

*\immediate\write16{>dim(\the\ht\ASYbox)dim}
>dim(4.51111pt)dim

*\immediate\write16{>dim(\the\dp\ASYbox)dim}
>dim(1.3611pt)dim

*\fontsize{7.02625}{8.4315}\selectfont%

*
(Please type a command or say `\end')
*\usefont{OT1}{ptm}{m}{n}%

*
(Please type a command or say `\end')
*\setbox\ASYbox=\hbox{$\gamma = 25$}

*
(Please type a command or say `\end')
*\immediate\write16{>dim(\the\wd\ASYbox)dim}
>dim(23.29471pt)dim

*\immediate\write16{>dim(\the\ht\ASYbox)dim}
>dim(4.51111pt)dim

*\immediate\write16{>dim(\the\dp\ASYbox)dim}
>dim(1.3611pt)dim

*\fontsize{7.02625}{8.4315}\selectfont%

*
(Please type a command or say `\end')
*\usefont{OT1}{ptm}{m}{n}%

*
(Please type a command or say `\end')
*\setbox\ASYbox=\hbox{\vphantom{$10^4$}$0$}

*
(Please type a command or say `\end')
*\immediate\write16{>dim(\the\wd\ASYbox)dim}
>dim(3.98613pt)dim

*\immediate\write16{>dim(\the\ht\ASYbox)dim}
>dim(6.24pt)dim

*\immediate\write16{>dim(\the\dp\ASYbox)dim}
>dim(0.0pt)dim

*\setbox\ASYbox=\hbox{\vphantom{$10^4$}$50$}

*
(Please type a command or say `\end')
*\immediate\write16{>dim(\the\wd\ASYbox)dim}
>dim(7.97226pt)dim

*\immediate\write16{>dim(\the\ht\ASYbox)dim}
>dim(6.24pt)dim

*\immediate\write16{>dim(\the\dp\ASYbox)dim}
>dim(0.0pt)dim

*\setbox\ASYbox=\hbox{\vphantom{$10^4$}$100$}

*
(Please type a command or say `\end')
*\immediate\write16{>dim(\the\wd\ASYbox)dim}
>dim(11.95839pt)dim

*\immediate\write16{>dim(\the\ht\ASYbox)dim}
>dim(6.24pt)dim

*\immediate\write16{>dim(\the\dp\ASYbox)dim}
>dim(0.0pt)dim

*\setbox\ASYbox=\hbox{\vphantom{$10^4$}$150$}

*
(Please type a command or say `\end')
*\immediate\write16{>dim(\the\wd\ASYbox)dim}
>dim(11.95839pt)dim

*\immediate\write16{>dim(\the\ht\ASYbox)dim}
>dim(6.24pt)dim

*\immediate\write16{>dim(\the\dp\ASYbox)dim}
>dim(0.0pt)dim

*\setbox\ASYbox=\hbox{\vphantom{$10^4$}$200$}

*
(Please type a command or say `\end')
*\immediate\write16{>dim(\the\wd\ASYbox)dim}
>dim(11.95839pt)dim

*\immediate\write16{>dim(\the\ht\ASYbox)dim}
>dim(6.24pt)dim

*\immediate\write16{>dim(\the\dp\ASYbox)dim}
>dim(0.0pt)dim

*\setbox\ASYbox=\hbox{\vphantom{$10^4$}$250$}

*
(Please type a command or say `\end')
*\immediate\write16{>dim(\the\wd\ASYbox)dim}
>dim(11.95839pt)dim

*\immediate\write16{>dim(\the\ht\ASYbox)dim}
>dim(6.24pt)dim

*\immediate\write16{>dim(\the\dp\ASYbox)dim}
>dim(0.0pt)dim

*\fontsize{7.02625}{8.4315}\selectfont%

*
(Please type a command or say `\end')
*\usefont{OT1}{ptm}{m}{n}%

*
(Please type a command or say `\end')
*\setbox\ASYbox=\hbox{Input value}

*
(Please type a command or say `\end')
*\immediate\write16{>dim(\the\wd\ASYbox)dim}
>dim(31.63188pt)dim

*\immediate\write16{>dim(\the\ht\ASYbox)dim}
>dim(4.79181pt)dim

*\immediate\write16{>dim(\the\dp\ASYbox)dim}
>dim(1.52112pt)dim

*\fontsize{7.02625}{8.4315}\selectfont%

*
(Please type a command or say `\end')
*\usefont{OT1}{ptm}{m}{n}%

*
(Please type a command or say `\end')
*\setbox\ASYbox=\hbox{\vphantom{$10^4$}$0$}

*
(Please type a command or say `\end')
*\immediate\write16{>dim(\the\wd\ASYbox)dim}
>dim(3.98613pt)dim

*\immediate\write16{>dim(\the\ht\ASYbox)dim}
>dim(6.24pt)dim

*\immediate\write16{>dim(\the\dp\ASYbox)dim}
>dim(0.0pt)dim

*\setbox\ASYbox=\hbox{\vphantom{$10^4$}$50$}

*
(Please type a command or say `\end')
*\immediate\write16{>dim(\the\wd\ASYbox)dim}
>dim(7.97226pt)dim

*\immediate\write16{>dim(\the\ht\ASYbox)dim}
>dim(6.24pt)dim

*\immediate\write16{>dim(\the\dp\ASYbox)dim}
>dim(0.0pt)dim

*\setbox\ASYbox=\hbox{\vphantom{$10^4$}$100$}

*
(Please type a command or say `\end')
*\immediate\write16{>dim(\the\wd\ASYbox)dim}
>dim(11.95839pt)dim

*\immediate\write16{>dim(\the\ht\ASYbox)dim}
>dim(6.24pt)dim

*\immediate\write16{>dim(\the\dp\ASYbox)dim}
>dim(0.0pt)dim

*\setbox\ASYbox=\hbox{\vphantom{$10^4$}$150$}

*
(Please type a command or say `\end')
*\immediate\write16{>dim(\the\wd\ASYbox)dim}
>dim(11.95839pt)dim

*\immediate\write16{>dim(\the\ht\ASYbox)dim}
>dim(6.24pt)dim

*\immediate\write16{>dim(\the\dp\ASYbox)dim}
>dim(0.0pt)dim

*\setbox\ASYbox=\hbox{\vphantom{$10^4$}$200$}

*
(Please type a command or say `\end')
*\immediate\write16{>dim(\the\wd\ASYbox)dim}
>dim(11.95839pt)dim

*\immediate\write16{>dim(\the\ht\ASYbox)dim}
>dim(6.24pt)dim

*\immediate\write16{>dim(\the\dp\ASYbox)dim}
>dim(0.0pt)dim

*\setbox\ASYbox=\hbox{\vphantom{$10^4$}$250$}

*
(Please type a command or say `\end')
*\immediate\write16{>dim(\the\wd\ASYbox)dim}
>dim(11.95839pt)dim

*\immediate\write16{>dim(\the\ht\ASYbox)dim}
>dim(6.24pt)dim

*\immediate\write16{>dim(\the\dp\ASYbox)dim}
>dim(0.0pt)dim

*\fontsize{7.02625}{8.4315}\selectfont%

*
(Please type a command or say `\end')
*\usefont{OT1}{ptm}{m}{n}%

*
(Please type a command or say `\end')
*\setbox\ASYbox=\hbox{Output value}

*
(Please type a command or say `\end')
*\immediate\write16{>dim(\the\wd\ASYbox)dim}
>dim(36.31831pt)dim

*\immediate\write16{>dim(\the\ht\ASYbox)dim}
>dim(4.79181pt)dim

*\immediate\write16{>dim(\the\dp\ASYbox)dim}
>dim(1.52112pt)dim

*\fontsize{7.02625}{8.4315}\selectfont%

*
(Please type a command or say `\end')
*\usefont{OT1}{ptm}{m}{n}%

*
(Please type a command or say `\end')
*\setbox\ASYbox=\hbox{\vphantom{$10^4$}$0$}

*
(Please type a command or say `\end')
*\immediate\write16{>dim(\the\wd\ASYbox)dim}
>dim(3.98613pt)dim

*\immediate\write16{>dim(\the\ht\ASYbox)dim}
>dim(6.24pt)dim

*\immediate\write16{>dim(\the\dp\ASYbox)dim}
>dim(0.0pt)dim

*\setbox\ASYbox=\hbox{\vphantom{$10^4$}$50$}

*
(Please type a command or say `\end')
*\immediate\write16{>dim(\the\wd\ASYbox)dim}
>dim(7.97226pt)dim

*\immediate\write16{>dim(\the\ht\ASYbox)dim}
>dim(6.24pt)dim

*\immediate\write16{>dim(\the\dp\ASYbox)dim}
>dim(0.0pt)dim

*\setbox\ASYbox=\hbox{\vphantom{$10^4$}$100$}

*
(Please type a command or say `\end')
*\immediate\write16{>dim(\the\wd\ASYbox)dim}
>dim(11.95839pt)dim

*\immediate\write16{>dim(\the\ht\ASYbox)dim}
>dim(6.24pt)dim

*\immediate\write16{>dim(\the\dp\ASYbox)dim}
>dim(0.0pt)dim

*\setbox\ASYbox=\hbox{\vphantom{$10^4$}$150$}

*
(Please type a command or say `\end')
*\immediate\write16{>dim(\the\wd\ASYbox)dim}
>dim(11.95839pt)dim

*\immediate\write16{>dim(\the\ht\ASYbox)dim}
>dim(6.24pt)dim

*\immediate\write16{>dim(\the\dp\ASYbox)dim}
>dim(0.0pt)dim

*\setbox\ASYbox=\hbox{\vphantom{$10^4$}$200$}

*
(Please type a command or say `\end')
*\immediate\write16{>dim(\the\wd\ASYbox)dim}
>dim(11.95839pt)dim

*\immediate\write16{>dim(\the\ht\ASYbox)dim}
>dim(6.24pt)dim

*\immediate\write16{>dim(\the\dp\ASYbox)dim}
>dim(0.0pt)dim

*\setbox\ASYbox=\hbox{\vphantom{$10^4$}$250$}

*
(Please type a command or say `\end')
*\immediate\write16{>dim(\the\wd\ASYbox)dim}
>dim(11.95839pt)dim

*\immediate\write16{>dim(\the\ht\ASYbox)dim}
>dim(6.24pt)dim

*\immediate\write16{>dim(\the\dp\ASYbox)dim}
>dim(0.0pt)dim

*\setbox\ASYbox=\hbox{Output value}

*
(Please type a command or say `\end')
*\immediate\write16{>dim(\the\wd\ASYbox)dim}
>dim(36.31831pt)dim

*\immediate\write16{>dim(\the\ht\ASYbox)dim}
>dim(4.79181pt)dim

*\immediate\write16{>dim(\the\dp\ASYbox)dim}
>dim(1.52112pt)dim

*\setbox\ASYbox=\hbox{\vphantom{$10^4$}$0$}

*
(Please type a command or say `\end')
*\immediate\write16{>dim(\the\wd\ASYbox)dim}
>dim(3.98613pt)dim

*\immediate\write16{>dim(\the\ht\ASYbox)dim}
>dim(6.24pt)dim

*\immediate\write16{>dim(\the\dp\ASYbox)dim}
>dim(0.0pt)dim

*\setbox\ASYbox=\hbox{\vphantom{$10^4$}$50$}

*
(Please type a command or say `\end')
*\immediate\write16{>dim(\the\wd\ASYbox)dim}
>dim(7.97226pt)dim

*\immediate\write16{>dim(\the\ht\ASYbox)dim}
>dim(6.24pt)dim

*\immediate\write16{>dim(\the\dp\ASYbox)dim}
>dim(0.0pt)dim

*\setbox\ASYbox=\hbox{\vphantom{$10^4$}$100$}

*
(Please type a command or say `\end')
*\immediate\write16{>dim(\the\wd\ASYbox)dim}
>dim(11.95839pt)dim

*\immediate\write16{>dim(\the\ht\ASYbox)dim}
>dim(6.24pt)dim

*\immediate\write16{>dim(\the\dp\ASYbox)dim}
>dim(0.0pt)dim

*\setbox\ASYbox=\hbox{\vphantom{$10^4$}$150$}

*
(Please type a command or say `\end')
*\immediate\write16{>dim(\the\wd\ASYbox)dim}
>dim(11.95839pt)dim

*\immediate\write16{>dim(\the\ht\ASYbox)dim}
>dim(6.24pt)dim

*\immediate\write16{>dim(\the\dp\ASYbox)dim}
>dim(0.0pt)dim

*\setbox\ASYbox=\hbox{\vphantom{$10^4$}$200$}

*
(Please type a command or say `\end')
*\immediate\write16{>dim(\the\wd\ASYbox)dim}
>dim(11.95839pt)dim

*\immediate\write16{>dim(\the\ht\ASYbox)dim}
>dim(6.24pt)dim

*\immediate\write16{>dim(\the\dp\ASYbox)dim}
>dim(0.0pt)dim

*\setbox\ASYbox=\hbox{\vphantom{$10^4$}$250$}

*
(Please type a command or say `\end')
*\immediate\write16{>dim(\the\wd\ASYbox)dim}
>dim(11.95839pt)dim

*\immediate\write16{>dim(\the\ht\ASYbox)dim}
>dim(6.24pt)dim

*\immediate\write16{>dim(\the\dp\ASYbox)dim}
>dim(0.0pt)dim

*\setbox\ASYbox=\hbox{Input value}

*
(Please type a command or say `\end')
*\immediate\write16{>dim(\the\wd\ASYbox)dim}
>dim(31.63188pt)dim

*\immediate\write16{>dim(\the\ht\ASYbox)dim}
>dim(4.79181pt)dim

*\immediate\write16{>dim(\the\dp\ASYbox)dim}
>dim(1.52112pt)dim

*\setbox\ASYbox=\hbox{\textbf{Gamma correction for different values of} $\gamma
$}

*
(Please type a command or say `\end')
*\immediate\write16{>dim(\the\wd\ASYbox)dim}
>dim(129.40196pt)dim

*\immediate\write16{>dim(\the\ht\ASYbox)dim}
>dim(4.84105pt)dim

*\immediate\write16{>dim(\the\dp\ASYbox)dim}
>dim(1.3611pt)dim

*\fontsize{7.02625}{8.4315}\selectfont%

*
(Please type a command or say `\end')
*\usefont{OT1}{ptm}{m}{n}%

*
(Please type a command or say `\end')
*\setbox\ASYbox=\hbox{\vphantom{$10^4$}$0$}

*
(Please type a command or say `\end')
*\immediate\write16{>dim(\the\wd\ASYbox)dim}
>dim(3.98613pt)dim

*\immediate\write16{>dim(\the\ht\ASYbox)dim}
>dim(6.24pt)dim

*\immediate\write16{>dim(\the\dp\ASYbox)dim}
>dim(0.0pt)dim

*\setbox\ASYbox=\hbox{\vphantom{$10^4$}$50$}

*
(Please type a command or say `\end')
*\immediate\write16{>dim(\the\wd\ASYbox)dim}
>dim(7.97226pt)dim

*\immediate\write16{>dim(\the\ht\ASYbox)dim}
>dim(6.24pt)dim

*\immediate\write16{>dim(\the\dp\ASYbox)dim}
>dim(0.0pt)dim

*\setbox\ASYbox=\hbox{\vphantom{$10^4$}$100$}

*
(Please type a command or say `\end')
*\immediate\write16{>dim(\the\wd\ASYbox)dim}
>dim(11.95839pt)dim

*\immediate\write16{>dim(\the\ht\ASYbox)dim}
>dim(6.24pt)dim

*\immediate\write16{>dim(\the\dp\ASYbox)dim}
>dim(0.0pt)dim

*\setbox\ASYbox=\hbox{\vphantom{$10^4$}$150$}

*
(Please type a command or say `\end')
*\immediate\write16{>dim(\the\wd\ASYbox)dim}
>dim(11.95839pt)dim

*\immediate\write16{>dim(\the\ht\ASYbox)dim}
>dim(6.24pt)dim

*\immediate\write16{>dim(\the\dp\ASYbox)dim}
>dim(0.0pt)dim

*\setbox\ASYbox=\hbox{\vphantom{$10^4$}$200$}

*
(Please type a command or say `\end')
*\immediate\write16{>dim(\the\wd\ASYbox)dim}
>dim(11.95839pt)dim

*\immediate\write16{>dim(\the\ht\ASYbox)dim}
>dim(6.24pt)dim

*\immediate\write16{>dim(\the\dp\ASYbox)dim}
>dim(0.0pt)dim

*\setbox\ASYbox=\hbox{\vphantom{$10^4$}$250$}

*
(Please type a command or say `\end')
*\immediate\write16{>dim(\the\wd\ASYbox)dim}
>dim(11.95839pt)dim

*\immediate\write16{>dim(\the\ht\ASYbox)dim}
>dim(6.24pt)dim

*\immediate\write16{>dim(\the\dp\ASYbox)dim}
>dim(0.0pt)dim

*\setbox\ASYbox=\hbox{Output value}

*
(Please type a command or say `\end')
*\immediate\write16{>dim(\the\wd\ASYbox)dim}
>dim(36.31831pt)dim

*\immediate\write16{>dim(\the\ht\ASYbox)dim}
>dim(4.79181pt)dim

*\immediate\write16{>dim(\the\dp\ASYbox)dim}
>dim(1.52112pt)dim

*\setbox\ASYbox=\hbox{\vphantom{$10^4$}$0$}

*
(Please type a command or say `\end')
*\immediate\write16{>dim(\the\wd\ASYbox)dim}
>dim(3.98613pt)dim

*\immediate\write16{>dim(\the\ht\ASYbox)dim}
>dim(6.24pt)dim

*\immediate\write16{>dim(\the\dp\ASYbox)dim}
>dim(0.0pt)dim

*\setbox\ASYbox=\hbox{\vphantom{$10^4$}$50$}

*
(Please type a command or say `\end')
*\immediate\write16{>dim(\the\wd\ASYbox)dim}
>dim(7.97226pt)dim

*\immediate\write16{>dim(\the\ht\ASYbox)dim}
>dim(6.24pt)dim

*\immediate\write16{>dim(\the\dp\ASYbox)dim}
>dim(0.0pt)dim

*\setbox\ASYbox=\hbox{\vphantom{$10^4$}$100$}

*
(Please type a command or say `\end')
*\immediate\write16{>dim(\the\wd\ASYbox)dim}
>dim(11.95839pt)dim

*\immediate\write16{>dim(\the\ht\ASYbox)dim}
>dim(6.24pt)dim

*\immediate\write16{>dim(\the\dp\ASYbox)dim}
>dim(0.0pt)dim

*\setbox\ASYbox=\hbox{\vphantom{$10^4$}$150$}

*
(Please type a command or say `\end')
*\immediate\write16{>dim(\the\wd\ASYbox)dim}
>dim(11.95839pt)dim

*\immediate\write16{>dim(\the\ht\ASYbox)dim}
>dim(6.24pt)dim

*\immediate\write16{>dim(\the\dp\ASYbox)dim}
>dim(0.0pt)dim

*\setbox\ASYbox=\hbox{\vphantom{$10^4$}$200$}

*
(Please type a command or say `\end')
*\immediate\write16{>dim(\the\wd\ASYbox)dim}
>dim(11.95839pt)dim

*\immediate\write16{>dim(\the\ht\ASYbox)dim}
>dim(6.24pt)dim

*\immediate\write16{>dim(\the\dp\ASYbox)dim}
>dim(0.0pt)dim

*\setbox\ASYbox=\hbox{\vphantom{$10^4$}$250$}

*
(Please type a command or say `\end')
*\immediate\write16{>dim(\the\wd\ASYbox)dim}
>dim(11.95839pt)dim

*\immediate\write16{>dim(\the\ht\ASYbox)dim}
>dim(6.24pt)dim

*\immediate\write16{>dim(\the\dp\ASYbox)dim}
>dim(0.0pt)dim

*\setbox\ASYbox=\hbox{Input value}

*
(Please type a command or say `\end')
*\immediate\write16{>dim(\the\wd\ASYbox)dim}
>dim(31.63188pt)dim

*\immediate\write16{>dim(\the\ht\ASYbox)dim}
>dim(4.79181pt)dim

*\immediate\write16{>dim(\the\dp\ASYbox)dim}
>dim(1.52112pt)dim

*\setbox\ASYbox=\hbox{$\gamma = 0.04$}

*
(Please type a command or say `\end')
*\immediate\write16{>dim(\the\wd\ASYbox)dim}
>dim(29.65584pt)dim

*\immediate\write16{>dim(\the\ht\ASYbox)dim}
>dim(4.51111pt)dim

*\immediate\write16{>dim(\the\dp\ASYbox)dim}
>dim(1.3611pt)dim

*\setbox\ASYbox=\hbox{$\gamma = 0.1$}

*
(Please type a command or say `\end')
*\immediate\write16{>dim(\the\wd\ASYbox)dim}
>dim(25.66971pt)dim

*\immediate\write16{>dim(\the\ht\ASYbox)dim}
>dim(4.51111pt)dim

*\immediate\write16{>dim(\the\dp\ASYbox)dim}
>dim(1.3611pt)dim

*\setbox\ASYbox=\hbox{$\gamma = 0.2$}

*
(Please type a command or say `\end')
*\immediate\write16{>dim(\the\wd\ASYbox)dim}
>dim(25.66971pt)dim

*\immediate\write16{>dim(\the\ht\ASYbox)dim}
>dim(4.51111pt)dim

*\immediate\write16{>dim(\the\dp\ASYbox)dim}
>dim(1.3611pt)dim

*\setbox\ASYbox=\hbox{$\gamma = 0.4$}

*
(Please type a command or say `\end')
*\immediate\write16{>dim(\the\wd\ASYbox)dim}
>dim(25.66971pt)dim

*\immediate\write16{>dim(\the\ht\ASYbox)dim}
>dim(4.51111pt)dim

*\immediate\write16{>dim(\the\dp\ASYbox)dim}
>dim(1.3611pt)dim

*\setbox\ASYbox=\hbox{$\gamma = 0.67$}

*
(Please type a command or say `\end')
*\immediate\write16{>dim(\the\wd\ASYbox)dim}
>dim(29.65584pt)dim

*\immediate\write16{>dim(\the\ht\ASYbox)dim}
>dim(4.51111pt)dim

*\immediate\write16{>dim(\the\dp\ASYbox)dim}
>dim(1.3611pt)dim

*\setbox\ASYbox=\hbox{$\gamma = 1$}

*
(Please type a command or say `\end')
*\immediate\write16{>dim(\the\wd\ASYbox)dim}
>dim(19.30858pt)dim

*\immediate\write16{>dim(\the\ht\ASYbox)dim}
>dim(4.51111pt)dim

*\immediate\write16{>dim(\the\dp\ASYbox)dim}
>dim(1.3611pt)dim

*\setbox\ASYbox=\hbox{$\gamma = 1.5$}

*
(Please type a command or say `\end')
*\immediate\write16{>dim(\the\wd\ASYbox)dim}
>dim(25.66971pt)dim

*\immediate\write16{>dim(\the\ht\ASYbox)dim}
>dim(4.51111pt)dim

*\immediate\write16{>dim(\the\dp\ASYbox)dim}
>dim(1.3611pt)dim

*\setbox\ASYbox=\hbox{$\gamma = 2.5$}

*
(Please type a command or say `\end')
*\immediate\write16{>dim(\the\wd\ASYbox)dim}
>dim(25.66971pt)dim

*\immediate\write16{>dim(\the\ht\ASYbox)dim}
>dim(4.51111pt)dim

*\immediate\write16{>dim(\the\dp\ASYbox)dim}
>dim(1.3611pt)dim

*\setbox\ASYbox=\hbox{$\gamma = 5$}

*
(Please type a command or say `\end')
*\immediate\write16{>dim(\the\wd\ASYbox)dim}
>dim(19.30858pt)dim

*\immediate\write16{>dim(\the\ht\ASYbox)dim}
>dim(4.51111pt)dim

*\immediate\write16{>dim(\the\dp\ASYbox)dim}
>dim(1.3611pt)dim

*\setbox\ASYbox=\hbox{$\gamma = 10$}

*
(Please type a command or say `\end')
*\immediate\write16{>dim(\the\wd\ASYbox)dim}
>dim(23.29471pt)dim

*\immediate\write16{>dim(\the\ht\ASYbox)dim}
>dim(4.51111pt)dim

*\immediate\write16{>dim(\the\dp\ASYbox)dim}
>dim(1.3611pt)dim

*\setbox\ASYbox=\hbox{$\gamma = 25$}

*
(Please type a command or say `\end')
*\immediate\write16{>dim(\the\wd\ASYbox)dim}
>dim(23.29471pt)dim

*\immediate\write16{>dim(\the\ht\ASYbox)dim}
>dim(4.51111pt)dim

*\immediate\write16{>dim(\the\dp\ASYbox)dim}
>dim(1.3611pt)dim

*\setbox\ASYbox=\hbox{\textbf{Gamma correction for different values of} $\gamma
$}

*
(Please type a command or say `\end')
*\immediate\write16{>dim(\the\wd\ASYbox)dim}
>dim(129.40196pt)dim

*\immediate\write16{>dim(\the\ht\ASYbox)dim}
>dim(4.84105pt)dim

*\immediate\write16{>dim(\the\dp\ASYbox)dim}
>dim(1.3611pt)dim

*\fontsize{7.02625}{8.4315}\selectfont%

*
(Please type a command or say `\end')
*\usefont{OT1}{ptm}{m}{n}%

*
(Please type a command or say `\end')
*\setbox\ASYbox=\hbox{\vphantom{$10^4$}$0$}

*
(Please type a command or say `\end')
*\immediate\write16{>dim(\the\wd\ASYbox)dim}
>dim(3.98613pt)dim

*\immediate\write16{>dim(\the\ht\ASYbox)dim}
>dim(6.24pt)dim

*\immediate\write16{>dim(\the\dp\ASYbox)dim}
>dim(0.0pt)dim

*\setbox\ASYbox=\hbox{\vphantom{$10^4$}$50$}

*
(Please type a command or say `\end')
*\immediate\write16{>dim(\the\wd\ASYbox)dim}
>dim(7.97226pt)dim

*\immediate\write16{>dim(\the\ht\ASYbox)dim}
>dim(6.24pt)dim

*\immediate\write16{>dim(\the\dp\ASYbox)dim}
>dim(0.0pt)dim

*\setbox\ASYbox=\hbox{\vphantom{$10^4$}$100$}

*
(Please type a command or say `\end')
*\immediate\write16{>dim(\the\wd\ASYbox)dim}
>dim(11.95839pt)dim

*\immediate\write16{>dim(\the\ht\ASYbox)dim}
>dim(6.24pt)dim

*\immediate\write16{>dim(\the\dp\ASYbox)dim}
>dim(0.0pt)dim

*\setbox\ASYbox=\hbox{\vphantom{$10^4$}$150$}

*
(Please type a command or say `\end')
*\immediate\write16{>dim(\the\wd\ASYbox)dim}
>dim(11.95839pt)dim

*\immediate\write16{>dim(\the\ht\ASYbox)dim}
>dim(6.24pt)dim

*\immediate\write16{>dim(\the\dp\ASYbox)dim}
>dim(0.0pt)dim

*\setbox\ASYbox=\hbox{\vphantom{$10^4$}$200$}

*
(Please type a command or say `\end')
*\immediate\write16{>dim(\the\wd\ASYbox)dim}
>dim(11.95839pt)dim

*\immediate\write16{>dim(\the\ht\ASYbox)dim}
>dim(6.24pt)dim

*\immediate\write16{>dim(\the\dp\ASYbox)dim}
>dim(0.0pt)dim

*\setbox\ASYbox=\hbox{\vphantom{$10^4$}$250$}

*
(Please type a command or say `\end')
*\immediate\write16{>dim(\the\wd\ASYbox)dim}
>dim(11.95839pt)dim

*\immediate\write16{>dim(\the\ht\ASYbox)dim}
>dim(6.24pt)dim

*\immediate\write16{>dim(\the\dp\ASYbox)dim}
>dim(0.0pt)dim

*\setbox\ASYbox=\hbox{Output value}

*
(Please type a command or say `\end')
*\immediate\write16{>dim(\the\wd\ASYbox)dim}
>dim(36.31831pt)dim

*\immediate\write16{>dim(\the\ht\ASYbox)dim}
>dim(4.79181pt)dim

*\immediate\write16{>dim(\the\dp\ASYbox)dim}
>dim(1.52112pt)dim

*\setbox\ASYbox=\hbox{\vphantom{$10^4$}$0$}

*
(Please type a command or say `\end')
*\immediate\write16{>dim(\the\wd\ASYbox)dim}
>dim(3.98613pt)dim

*\immediate\write16{>dim(\the\ht\ASYbox)dim}
>dim(6.24pt)dim

*\immediate\write16{>dim(\the\dp\ASYbox)dim}
>dim(0.0pt)dim

*\setbox\ASYbox=\hbox{\vphantom{$10^4$}$50$}

*
(Please type a command or say `\end')
*\immediate\write16{>dim(\the\wd\ASYbox)dim}
>dim(7.97226pt)dim

*\immediate\write16{>dim(\the\ht\ASYbox)dim}
>dim(6.24pt)dim

*\immediate\write16{>dim(\the\dp\ASYbox)dim}
>dim(0.0pt)dim

*\setbox\ASYbox=\hbox{\vphantom{$10^4$}$100$}

*
(Please type a command or say `\end')
*\immediate\write16{>dim(\the\wd\ASYbox)dim}
>dim(11.95839pt)dim

*\immediate\write16{>dim(\the\ht\ASYbox)dim}
>dim(6.24pt)dim

*\immediate\write16{>dim(\the\dp\ASYbox)dim}
>dim(0.0pt)dim

*\setbox\ASYbox=\hbox{\vphantom{$10^4$}$150$}

*
(Please type a command or say `\end')
*\immediate\write16{>dim(\the\wd\ASYbox)dim}
>dim(11.95839pt)dim

*\immediate\write16{>dim(\the\ht\ASYbox)dim}
>dim(6.24pt)dim

*\immediate\write16{>dim(\the\dp\ASYbox)dim}
>dim(0.0pt)dim

*\setbox\ASYbox=\hbox{\vphantom{$10^4$}$200$}

*
(Please type a command or say `\end')
*\immediate\write16{>dim(\the\wd\ASYbox)dim}
>dim(11.95839pt)dim

*\immediate\write16{>dim(\the\ht\ASYbox)dim}
>dim(6.24pt)dim

*\immediate\write16{>dim(\the\dp\ASYbox)dim}
>dim(0.0pt)dim

*\setbox\ASYbox=\hbox{\vphantom{$10^4$}$250$}

*
(Please type a command or say `\end')
*\immediate\write16{>dim(\the\wd\ASYbox)dim}
>dim(11.95839pt)dim

*\immediate\write16{>dim(\the\ht\ASYbox)dim}
>dim(6.24pt)dim

*\immediate\write16{>dim(\the\dp\ASYbox)dim}
>dim(0.0pt)dim

*\setbox\ASYbox=\hbox{Input value}

*
(Please type a command or say `\end')
*\immediate\write16{>dim(\the\wd\ASYbox)dim}
>dim(31.63188pt)dim

*\immediate\write16{>dim(\the\ht\ASYbox)dim}
>dim(4.79181pt)dim

*\immediate\write16{>dim(\the\dp\ASYbox)dim}
>dim(1.52112pt)dim

*\setbox\ASYbox=\hbox{$\gamma = 0.04$}

*
(Please type a command or say `\end')
*\immediate\write16{>dim(\the\wd\ASYbox)dim}
>dim(29.65584pt)dim

*\immediate\write16{>dim(\the\ht\ASYbox)dim}
>dim(4.51111pt)dim

*\immediate\write16{>dim(\the\dp\ASYbox)dim}
>dim(1.3611pt)dim

*\setbox\ASYbox=\hbox{$\gamma = 0.1$}

*
(Please type a command or say `\end')
*\immediate\write16{>dim(\the\wd\ASYbox)dim}
>dim(25.66971pt)dim

*\immediate\write16{>dim(\the\ht\ASYbox)dim}
>dim(4.51111pt)dim

*\immediate\write16{>dim(\the\dp\ASYbox)dim}
>dim(1.3611pt)dim

*\setbox\ASYbox=\hbox{$\gamma = 0.2$}

*
(Please type a command or say `\end')
*\immediate\write16{>dim(\the\wd\ASYbox)dim}
>dim(25.66971pt)dim

*\immediate\write16{>dim(\the\ht\ASYbox)dim}
>dim(4.51111pt)dim

*\immediate\write16{>dim(\the\dp\ASYbox)dim}
>dim(1.3611pt)dim

*\setbox\ASYbox=\hbox{$\gamma = 0.4$}

*
(Please type a command or say `\end')
*\immediate\write16{>dim(\the\wd\ASYbox)dim}
>dim(25.66971pt)dim

*\immediate\write16{>dim(\the\ht\ASYbox)dim}
>dim(4.51111pt)dim

*\immediate\write16{>dim(\the\dp\ASYbox)dim}
>dim(1.3611pt)dim

*\setbox\ASYbox=\hbox{$\gamma = 0.67$}

*
(Please type a command or say `\end')
*\immediate\write16{>dim(\the\wd\ASYbox)dim}
>dim(29.65584pt)dim

*\immediate\write16{>dim(\the\ht\ASYbox)dim}
>dim(4.51111pt)dim

*\immediate\write16{>dim(\the\dp\ASYbox)dim}
>dim(1.3611pt)dim

*\setbox\ASYbox=\hbox{$\gamma = 1$}

*
(Please type a command or say `\end')
*\immediate\write16{>dim(\the\wd\ASYbox)dim}
>dim(19.30858pt)dim

*\immediate\write16{>dim(\the\ht\ASYbox)dim}
>dim(4.51111pt)dim

*\immediate\write16{>dim(\the\dp\ASYbox)dim}
>dim(1.3611pt)dim

*\setbox\ASYbox=\hbox{$\gamma = 1.5$}

*
(Please type a command or say `\end')
*\immediate\write16{>dim(\the\wd\ASYbox)dim}
>dim(25.66971pt)dim

*\immediate\write16{>dim(\the\ht\ASYbox)dim}
>dim(4.51111pt)dim

*\immediate\write16{>dim(\the\dp\ASYbox)dim}
>dim(1.3611pt)dim

*\setbox\ASYbox=\hbox{$\gamma = 2.5$}

*
(Please type a command or say `\end')
*\immediate\write16{>dim(\the\wd\ASYbox)dim}
>dim(25.66971pt)dim

*\immediate\write16{>dim(\the\ht\ASYbox)dim}
>dim(4.51111pt)dim

*\immediate\write16{>dim(\the\dp\ASYbox)dim}
>dim(1.3611pt)dim

*\setbox\ASYbox=\hbox{$\gamma = 5$}

*
(Please type a command or say `\end')
*\immediate\write16{>di